[2023-11-27 20:25:30] production.ERROR: SQLSTATE[HY000] [2002] No connection could be made because the target machine actively refused it.
 (SQL: select * from `sections`) {"exception":"[object] (Illuminate\\Database\\QueryException(code: 2002): SQLSTATE[HY000] [2002] No connection could be made because the target machine actively refused it.
 (SQL: select * from `sections`) at E:\\alvinbintang\\project\\website\\perpusdes\\vendor\\laravel\\framework\\src\\Illuminate\\Database\\Connection.php:671)
[stacktrace]
#0 E:\\alvinbintang\\project\\website\\perpusdes\\vendor\\laravel\\framework\\src\\Illuminate\\Database\\Connection.php(631): Illuminate\\Database\\Connection->runQueryCallback('select * from `...', Array, Object(Closure))
#1 E:\\alvinbintang\\project\\website\\perpusdes\\vendor\\laravel\\framework\\src\\Illuminate\\Database\\Connection.php(339): Illuminate\\Database\\Connection->run('select * from `...', Array, Object(Closure))
#2 E:\\alvinbintang\\project\\website\\perpusdes\\vendor\\laravel\\framework\\src\\Illuminate\\Database\\Query\\Builder.php(2270): Illuminate\\Database\\Connection->select('select * from `...', Array, true)
#3 E:\\alvinbintang\\project\\website\\perpusdes\\vendor\\laravel\\framework\\src\\Illuminate\\Database\\Query\\Builder.php(2258): Illuminate\\Database\\Query\\Builder->runSelect()
#4 E:\\alvinbintang\\project\\website\\perpusdes\\vendor\\laravel\\framework\\src\\Illuminate\\Database\\Query\\Builder.php(2753): Illuminate\\Database\\Query\\Builder->Illuminate\\Database\\Query\\{closure}()
#5 E:\\alvinbintang\\project\\website\\perpusdes\\vendor\\laravel\\framework\\src\\Illuminate\\Database\\Query\\Builder.php(2259): Illuminate\\Database\\Query\\Builder->onceWithColumns(Array, Object(Closure))
#6 E:\\alvinbintang\\project\\website\\perpusdes\\vendor\\laravel\\framework\\src\\Illuminate\\Database\\Eloquent\\Builder.php(548): Illuminate\\Database\\Query\\Builder->get(Array)
#7 E:\\alvinbintang\\project\\website\\perpusdes\\vendor\\laravel\\framework\\src\\Illuminate\\Database\\Eloquent\\Builder.php(532): Illuminate\\Database\\Eloquent\\Builder->getModels(Array)
#8 E:\\alvinbintang\\project\\website\\perpusdes\\vendor\\laravel\\framework\\src\\Illuminate\\Database\\Eloquent\\Model.php(491): Illuminate\\Database\\Eloquent\\Builder->get(Array)
#9 E:\\alvinbintang\\project\\website\\perpusdes\\app\\Providers\\AuthServiceProvider.php(42): Illuminate\\Database\\Eloquent\\Model::all()
#10 E:\\alvinbintang\\project\\website\\perpusdes\\vendor\\laravel\\framework\\src\\Illuminate\\Cache\\Repository.php(383): App\\Providers\\AuthServiceProvider->App\\Providers\\{closure}()
#11 E:\\alvinbintang\\project\\website\\perpusdes\\vendor\\laravel\\framework\\src\\Illuminate\\Cache\\CacheManager.php(383): Illuminate\\Cache\\Repository->remember('sections', 3600, Object(Closure))
#12 E:\\alvinbintang\\project\\website\\perpusdes\\vendor\\laravel\\framework\\src\\Illuminate\\Support\\Facades\\Facade.php(261): Illuminate\\Cache\\CacheManager->__call('remember', Array)
#13 E:\\alvinbintang\\project\\website\\perpusdes\\app\\Providers\\AuthServiceProvider.php(43): Illuminate\\Support\\Facades\\Facade::__callStatic('remember', Array)
#14 E:\\alvinbintang\\project\\website\\perpusdes\\vendor\\laravel\\framework\\src\\Illuminate\\Container\\BoundMethod.php(36): App\\Providers\\AuthServiceProvider->boot()
#15 E:\\alvinbintang\\project\\website\\perpusdes\\vendor\\laravel\\framework\\src\\Illuminate\\Container\\Util.php(37): Illuminate\\Container\\BoundMethod::Illuminate\\Container\\{closure}()
#16 E:\\alvinbintang\\project\\website\\perpusdes\\vendor\\laravel\\framework\\src\\Illuminate\\Container\\BoundMethod.php(93): Illuminate\\Container\\Util::unwrapIfClosure(Object(Closure))
#17 E:\\alvinbintang\\project\\website\\perpusdes\\vendor\\laravel\\framework\\src\\Illuminate\\Container\\BoundMethod.php(37): Illuminate\\Container\\BoundMethod::callBoundMethod(Object(Illuminate\\Foundation\\Application), Array, Object(Closure))
#18 E:\\alvinbintang\\project\\website\\perpusdes\\vendor\\laravel\\framework\\src\\Illuminate\\Container\\Container.php(596): Illuminate\\Container\\BoundMethod::call(Object(Illuminate\\Foundation\\Application), Array, Array, NULL)
#19 E:\\alvinbintang\\project\\website\\perpusdes\\vendor\\laravel\\framework\\src\\Illuminate\\Foundation\\Application.php(867): Illuminate\\Container\\Container->call(Array)
#20 E:\\alvinbintang\\project\\website\\perpusdes\\vendor\\laravel\\framework\\src\\Illuminate\\Foundation\\Application.php(850): Illuminate\\Foundation\\Application->bootProvider(Object(App\\Providers\\AuthServiceProvider))
#21 [internal function]: Illuminate\\Foundation\\Application->Illuminate\\Foundation\\{closure}(Object(App\\Providers\\AuthServiceProvider), 47)
#22 E:\\alvinbintang\\project\\website\\perpusdes\\vendor\\laravel\\framework\\src\\Illuminate\\Foundation\\Application.php(851): array_walk(Array, Object(Closure))
#23 E:\\alvinbintang\\project\\website\\perpusdes\\vendor\\laravel\\framework\\src\\Illuminate\\Foundation\\Bootstrap\\BootProviders.php(17): Illuminate\\Foundation\\Application->boot()
#24 E:\\alvinbintang\\project\\website\\perpusdes\\vendor\\laravel\\framework\\src\\Illuminate\\Foundation\\Application.php(230): Illuminate\\Foundation\\Bootstrap\\BootProviders->bootstrap(Object(Illuminate\\Foundation\\Application))
#25 E:\\alvinbintang\\project\\website\\perpusdes\\vendor\\laravel\\framework\\src\\Illuminate\\Foundation\\Console\\Kernel.php(310): Illuminate\\Foundation\\Application->bootstrapWith(Array)
#26 E:\\alvinbintang\\project\\website\\perpusdes\\vendor\\laravel\\framework\\src\\Illuminate\\Foundation\\Console\\Kernel.php(127): Illuminate\\Foundation\\Console\\Kernel->bootstrap()
#27 E:\\alvinbintang\\project\\website\\perpusdes\\artisan(38): Illuminate\\Foundation\\Console\\Kernel->handle(Object(Symfony\\Component\\Console\\Input\\ArgvInput), Object(Symfony\\Component\\Console\\Output\\ConsoleOutput))
#28 {main}

[previous exception] [object] (PDOException(code: 2002): SQLSTATE[HY000] [2002] No connection could be made because the target machine actively refused it.
 at E:\\alvinbintang\\project\\website\\perpusdes\\vendor\\laravel\\framework\\src\\Illuminate\\Database\\Connectors\\Connector.php:70)
[stacktrace]
#0 E:\\alvinbintang\\project\\website\\perpusdes\\vendor\\laravel\\framework\\src\\Illuminate\\Database\\Connectors\\Connector.php(70): PDO->__construct('mysql:host=127....', 'forge', '', Array)
#1 E:\\alvinbintang\\project\\website\\perpusdes\\vendor\\laravel\\framework\\src\\Illuminate\\Database\\Connectors\\Connector.php(46): Illuminate\\Database\\Connectors\\Connector->createPdoConnection('mysql:host=127....', 'forge', '', Array)
#2 E:\\alvinbintang\\project\\website\\perpusdes\\vendor\\laravel\\framework\\src\\Illuminate\\Database\\Connectors\\MySqlConnector.php(24): Illuminate\\Database\\Connectors\\Connector->createConnection('mysql:host=127....', Array, Array)
#3 E:\\alvinbintang\\project\\website\\perpusdes\\vendor\\laravel\\framework\\src\\Illuminate\\Database\\Connectors\\ConnectionFactory.php(184): Illuminate\\Database\\Connectors\\MySqlConnector->connect(Array)
#4 [internal function]: Illuminate\\Database\\Connectors\\ConnectionFactory->Illuminate\\Database\\Connectors\\{closure}()
#5 E:\\alvinbintang\\project\\website\\perpusdes\\vendor\\laravel\\framework\\src\\Illuminate\\Database\\Connection.php(926): call_user_func(Object(Closure))
#6 E:\\alvinbintang\\project\\website\\perpusdes\\vendor\\laravel\\framework\\src\\Illuminate\\Database\\Connection.php(961): Illuminate\\Database\\Connection->getPdo()
#7 E:\\alvinbintang\\project\\website\\perpusdes\\vendor\\laravel\\framework\\src\\Illuminate\\Database\\Connection.php(405): Illuminate\\Database\\Connection->getReadPdo()
#8 E:\\alvinbintang\\project\\website\\perpusdes\\vendor\\laravel\\framework\\src\\Illuminate\\Database\\Connection.php(331): Illuminate\\Database\\Connection->getPdoForSelect(true)
#9 E:\\alvinbintang\\project\\website\\perpusdes\\vendor\\laravel\\framework\\src\\Illuminate\\Database\\Connection.php(664): Illuminate\\Database\\Connection->Illuminate\\Database\\{closure}('select * from `...', Array)
#10 E:\\alvinbintang\\project\\website\\perpusdes\\vendor\\laravel\\framework\\src\\Illuminate\\Database\\Connection.php(631): Illuminate\\Database\\Connection->runQueryCallback('select * from `...', Array, Object(Closure))
#11 E:\\alvinbintang\\project\\website\\perpusdes\\vendor\\laravel\\framework\\src\\Illuminate\\Database\\Connection.php(339): Illuminate\\Database\\Connection->run('select * from `...', Array, Object(Closure))
#12 E:\\alvinbintang\\project\\website\\perpusdes\\vendor\\laravel\\framework\\src\\Illuminate\\Database\\Query\\Builder.php(2270): Illuminate\\Database\\Connection->select('select * from `...', Array, true)
#13 E:\\alvinbintang\\project\\website\\perpusdes\\vendor\\laravel\\framework\\src\\Illuminate\\Database\\Query\\Builder.php(2258): Illuminate\\Database\\Query\\Builder->runSelect()
#14 E:\\alvinbintang\\project\\website\\perpusdes\\vendor\\laravel\\framework\\src\\Illuminate\\Database\\Query\\Builder.php(2753): Illuminate\\Database\\Query\\Builder->Illuminate\\Database\\Query\\{closure}()
#15 E:\\alvinbintang\\project\\website\\perpusdes\\vendor\\laravel\\framework\\src\\Illuminate\\Database\\Query\\Builder.php(2259): Illuminate\\Database\\Query\\Builder->onceWithColumns(Array, Object(Closure))
#16 E:\\alvinbintang\\project\\website\\perpusdes\\vendor\\laravel\\framework\\src\\Illuminate\\Database\\Eloquent\\Builder.php(548): Illuminate\\Database\\Query\\Builder->get(Array)
#17 E:\\alvinbintang\\project\\website\\perpusdes\\vendor\\laravel\\framework\\src\\Illuminate\\Database\\Eloquent\\Builder.php(532): Illuminate\\Database\\Eloquent\\Builder->getModels(Array)
#18 E:\\alvinbintang\\project\\website\\perpusdes\\vendor\\laravel\\framework\\src\\Illuminate\\Database\\Eloquent\\Model.php(491): Illuminate\\Database\\Eloquent\\Builder->get(Array)
#19 E:\\alvinbintang\\project\\website\\perpusdes\\app\\Providers\\AuthServiceProvider.php(42): Illuminate\\Database\\Eloquent\\Model::all()
#20 E:\\alvinbintang\\project\\website\\perpusdes\\vendor\\laravel\\framework\\src\\Illuminate\\Cache\\Repository.php(383): App\\Providers\\AuthServiceProvider->App\\Providers\\{closure}()
#21 E:\\alvinbintang\\project\\website\\perpusdes\\vendor\\laravel\\framework\\src\\Illuminate\\Cache\\CacheManager.php(383): Illuminate\\Cache\\Repository->remember('sections', 3600, Object(Closure))
#22 E:\\alvinbintang\\project\\website\\perpusdes\\vendor\\laravel\\framework\\src\\Illuminate\\Support\\Facades\\Facade.php(261): Illuminate\\Cache\\CacheManager->__call('remember', Array)
#23 E:\\alvinbintang\\project\\website\\perpusdes\\app\\Providers\\AuthServiceProvider.php(43): Illuminate\\Support\\Facades\\Facade::__callStatic('remember', Array)
#24 E:\\alvinbintang\\project\\website\\perpusdes\\vendor\\laravel\\framework\\src\\Illuminate\\Container\\BoundMethod.php(36): App\\Providers\\AuthServiceProvider->boot()
#25 E:\\alvinbintang\\project\\website\\perpusdes\\vendor\\laravel\\framework\\src\\Illuminate\\Container\\Util.php(37): Illuminate\\Container\\BoundMethod::Illuminate\\Container\\{closure}()
#26 E:\\alvinbintang\\project\\website\\perpusdes\\vendor\\laravel\\framework\\src\\Illuminate\\Container\\BoundMethod.php(93): Illuminate\\Container\\Util::unwrapIfClosure(Object(Closure))
#27 E:\\alvinbintang\\project\\website\\perpusdes\\vendor\\laravel\\framework\\src\\Illuminate\\Container\\BoundMethod.php(37): Illuminate\\Container\\BoundMethod::callBoundMethod(Object(Illuminate\\Foundation\\Application), Array, Object(Closure))
#28 E:\\alvinbintang\\project\\website\\perpusdes\\vendor\\laravel\\framework\\src\\Illuminate\\Container\\Container.php(596): Illuminate\\Container\\BoundMethod::call(Object(Illuminate\\Foundation\\Application), Array, Array, NULL)
#29 E:\\alvinbintang\\project\\website\\perpusdes\\vendor\\laravel\\framework\\src\\Illuminate\\Foundation\\Application.php(867): Illuminate\\Container\\Container->call(Array)
#30 E:\\alvinbintang\\project\\website\\perpusdes\\vendor\\laravel\\framework\\src\\Illuminate\\Foundation\\Application.php(850): Illuminate\\Foundation\\Application->bootProvider(Object(App\\Providers\\AuthServiceProvider))
#31 [internal function]: Illuminate\\Foundation\\Application->Illuminate\\Foundation\\{closure}(Object(App\\Providers\\AuthServiceProvider), 47)
#32 E:\\alvinbintang\\project\\website\\perpusdes\\vendor\\laravel\\framework\\src\\Illuminate\\Foundation\\Application.php(851): array_walk(Array, Object(Closure))
#33 E:\\alvinbintang\\project\\website\\perpusdes\\vendor\\laravel\\framework\\src\\Illuminate\\Foundation\\Bootstrap\\BootProviders.php(17): Illuminate\\Foundation\\Application->boot()
#34 E:\\alvinbintang\\project\\website\\perpusdes\\vendor\\laravel\\framework\\src\\Illuminate\\Foundation\\Application.php(230): Illuminate\\Foundation\\Bootstrap\\BootProviders->bootstrap(Object(Illuminate\\Foundation\\Application))
#35 E:\\alvinbintang\\project\\website\\perpusdes\\vendor\\laravel\\framework\\src\\Illuminate\\Foundation\\Console\\Kernel.php(310): Illuminate\\Foundation\\Application->bootstrapWith(Array)
#36 E:\\alvinbintang\\project\\website\\perpusdes\\vendor\\laravel\\framework\\src\\Illuminate\\Foundation\\Console\\Kernel.php(127): Illuminate\\Foundation\\Console\\Kernel->bootstrap()
#37 E:\\alvinbintang\\project\\website\\perpusdes\\artisan(38): Illuminate\\Foundation\\Console\\Kernel->handle(Object(Symfony\\Component\\Console\\Input\\ArgvInput), Object(Symfony\\Component\\Console\\Output\\ConsoleOutput))
#38 {main}
"} 
